<?xml version="1.0" encoding="UTF-8"?>
<!-- Generated by org.testng.reporters.JUnitXMLReporter -->
<testsuite hostname="RANJUM-IN" ignored="0" name="Test" tests="1" failures="1" timestamp="2020-01-19T13:09:19 IST" time="21.722" errors="0">
  <testcase name="testCreateCustomer" time="4.195" classname="com.actitime.test.CustomerModule">
    <failure type="java.lang.NullPointerException">
      <![CDATA[java.lang.NullPointerException
at org.openqa.selenium.support.pagefactory.DefaultElementLocator.findElement(DefaultElementLocator.java:69)
at org.openqa.selenium.support.pagefactory.internal.LocatingElementHandler.invoke(LocatingElementHandler.java:38)
at com.sun.proxy.$Proxy11.click(Unknown Source)
at com.actitime.pom.EnterTimeTrack.taskTabClick(EnterTimeTrack.java:29)
at com.actitime.test.CustomerModule.testCreateCustomer(CustomerModule.java:30)
at java.util.ArrayList.forEach(Unknown Source)
... Removed 27 stack frames]]>
    </failure>
  </testcase> <!-- testCreateCustomer -->
</testsuite> <!-- Test -->
